Build started 12/18/2016 9:10:38 PM.
     1>Project "C:\Users\stavros\Documents\GitHub\VolumeVisualisation\Project1\Project1.vcxproj" on node 2 (Build target(s)).
     1>ClCompile:
         C:\Program Files (x86)\Microsoft Visual Studio 12.0\VC\bin\CL.exe /c /I"C:\Users\stavros\Documents\Visual Studio 2013\glew-1.11.0\include" /I"C:\Users\stavros\Documents\Visual Studio 2013\freeglut\include" /ZI /nologo /W3 /WX- /sdl /Od /Oy- /D _MBCS /Gm /EHsc /RTC1 /MDd /GS /fp:precise /Zc:wchar_t /Zc:forScope /Fo"Debug\\" /Fd"Debug\vc120.pdb" /Gd /TP /analyze- /errorReport:prompt Camera.cpp Matrix.cpp Source.cpp Vector.cpp Volume.cpp
         Volume.cpp
     1>c:\users\stavros\documents\github\volumevisualisation\project1\volume.cpp(29): warning C4244: 'initializing' : conversion from 'double' to 'float', possible loss of data
     1>c:\users\stavros\documents\github\volumevisualisation\project1\volume.cpp(38): warning C4244: '=' : conversion from 'float' to 'int', possible loss of data
     1>c:\users\stavros\documents\github\volumevisualisation\project1\volume.cpp(39): warning C4244: '=' : conversion from 'float' to 'int', possible loss of data
     1>c:\users\stavros\documents\github\volumevisualisation\project1\volume.cpp(40): warning C4244: '=' : conversion from 'float' to 'int', possible loss of data
     1>c:\users\stavros\documents\github\volumevisualisation\project1\volume.cpp(83): warning C4244: 'argument' : conversion from 'double' to 'float', possible loss of data
     1>c:\users\stavros\documents\github\volumevisualisation\project1\volume.cpp(138): warning C4244: 'argument' : conversion from 'int' to 'float', possible loss of data
     1>c:\users\stavros\documents\github\volumevisualisation\project1\volume.cpp(139): warning C4244: 'argument' : conversion from 'int' to 'float', possible loss of data
     1>c:\users\stavros\documents\github\volumevisualisation\project1\volume.cpp(140): warning C4244: 'argument' : conversion from 'int' to 'float', possible loss of data
     1>c:\users\stavros\documents\github\volumevisualisation\project1\volume.cpp(142): warning C4244: 'argument' : conversion from 'int' to 'float', possible loss of data
     1>c:\users\stavros\documents\github\volumevisualisation\project1\volume.cpp(143): warning C4244: 'argument' : conversion from 'int' to 'float', possible loss of data
     1>c:\users\stavros\documents\github\volumevisualisation\project1\volume.cpp(144): warning C4244: 'argument' : conversion from 'int' to 'float', possible loss of data
     1>c:\users\stavros\documents\github\volumevisualisation\project1\volume.cpp(145): warning C4244: 'argument' : conversion from 'int' to 'float', possible loss of data
     1>c:\users\stavros\documents\github\volumevisualisation\project1\volume.cpp(197): warning C4244: 'initializing' : conversion from 'float' to 'int', possible loss of data
     1>c:\users\stavros\documents\github\volumevisualisation\project1\volume.cpp(198): warning C4244: 'initializing' : conversion from 'float' to 'int', possible loss of data
     1>c:\users\stavros\documents\github\volumevisualisation\project1\volume.cpp(199): warning C4244: 'initializing' : conversion from 'float' to 'int', possible loss of data
     1>c:\users\stavros\documents\github\volumevisualisation\project1\volume.cpp(217): warning C4244: 'return' : conversion from 'float' to 'unsigned char', possible loss of data
         Vector.cpp
         Source.cpp
     1>c:\users\stavros\documents\github\volumevisualisation\project1\source.cpp(119): warning C4244: '=' : conversion from 'double' to 'float', possible loss of data
     1>c:\users\stavros\documents\github\volumevisualisation\project1\source.cpp(235): warning C4244: '=' : conversion from 'double' to 'float', possible loss of data
     1>c:\users\stavros\documents\github\volumevisualisation\project1\source.cpp(280): warning C4101: 'xIndex' : unreferenced local variable
     1>c:\users\stavros\documents\github\volumevisualisation\project1\source.cpp(280): warning C4101: 'yIndex' : unreferenced local variable
     1>c:\users\stavros\documents\github\volumevisualisation\project1\source.cpp(280): warning C4101: 'zIndex' : unreferenced local variable
     1>c:\users\stavros\documents\github\volumevisualisation\project1\source.cpp(340): warning C4244: 'argument' : conversion from 'int' to 'GLfloat', possible loss of data
     1>c:\users\stavros\documents\github\volumevisualisation\project1\source.cpp(379): warning C4244: 'argument' : conversion from 'int' to 'GLfloat', possible loss of data
     1>c:\users\stavros\documents\github\volumevisualisation\project1\source.cpp(387): warning C4244: '=' : conversion from 'double' to 'float', possible loss of data
     1>c:\users\stavros\documents\github\volumevisualisation\project1\source.cpp(412): warning C4244: '=' : conversion from 'double' to 'float', possible loss of data
     1>c:\users\stavros\documents\github\volumevisualisation\project1\source.cpp(445): warning C4305: '=' : truncation from 'double' to 'float'
     1>c:\users\stavros\documents\github\volumevisualisation\project1\source.cpp(459): warning C4305: '=' : truncation from 'double' to 'float'
     1>c:\users\stavros\documents\github\volumevisualisation\project1\source.cpp(491): warning C4244: '=' : conversion from 'double' to 'float', possible loss of data
     1>c:\users\stavros\documents\github\volumevisualisation\project1\source.cpp(505): warning C4244: '=' : conversion from 'double' to 'float', possible loss of data
     1>c:\users\stavros\documents\github\volumevisualisation\project1\source.cpp(546): warning C4244: '+=' : conversion from 'double' to 'float', possible loss of data
     1>c:\users\stavros\documents\github\volumevisualisation\project1\source.cpp(547): warning C4244: '+=' : conversion from 'double' to 'float', possible loss of data
     1>c:\users\stavros\documents\github\volumevisualisation\project1\source.cpp(634): warning C4244: 'argument' : conversion from 'int' to 'float', possible loss of data
         Matrix.cpp
     1>c:\users\stavros\documents\github\volumevisualisation\project1\matrix.cpp(50): warning C4244: 'initializing' : conversion from 'double' to 'float', possible loss of data
     1>c:\users\stavros\documents\github\volumevisualisation\project1\matrix.cpp(175): warning C4244: 'initializing' : conversion from 'double' to 'float', possible loss of data
     1>c:\users\stavros\documents\github\volumevisualisation\project1\matrix.cpp(367): warning C4244: 'argument' : conversion from 'double' to 'float', possible loss of data
     1>c:\users\stavros\documents\github\volumevisualisation\project1\matrix.cpp(493): warning C4244: 'initializing' : conversion from 'double' to 'float', possible loss of data
         Camera.cpp
     1>c:\users\stavros\documents\github\volumevisualisation\project1\camera.cpp(9): warning C4305: 'initializing' : truncation from 'double' to 'float'
     1>c:\users\stavros\documents\github\volumevisualisation\project1\camera.cpp(17): warning C4305: 'initializing' : truncation from 'double' to 'float'
         Generating Code...
       Link:
         C:\Program Files (x86)\Microsoft Visual Studio 12.0\VC\bin\link.exe /ERRORREPORT:PROMPT /OUT:"C:\Users\stavros\Documents\GitHub\VolumeVisualisation\Debug\Project1.exe" /INCREMENTAL /NOLOGO /LIBPATH:"C:\Users\stavros\Documents\Visual Studio 2013\glew-1.11.0\lib" /LIBPATH:"C:\Users\stavros\Documents\Visual Studio 2013\freeglut\lib" glew32.lib freeglut.lib pthreadVC2.lib kernel32.lib user32.lib gdi32.lib winspool.lib comdlg32.lib advapi32.lib shell32.lib ole32.lib oleaut32.lib uuid.lib odbc32.lib odbccp32.lib /MANIFEST /MANIFESTUAC:"level='asInvoker' uiAccess='false'" /manifest:embed /DEBUG /PDB:"C:\Users\stavros\Documents\GitHub\VolumeVisualisation\Debug\Project1.pdb" /TLBID:1 /DYNAMICBASE /NXCOMPAT /IMPLIB:"C:\Users\stavros\Documents\GitHub\VolumeVisualisation\Debug\Project1.lib" /MACHINE:X86 Debug\Camera.obj
         Debug\Matrix.obj
         Debug\Source.obj
         Debug\Vector.obj
         Debug\Volume.obj
         Project1.vcxproj -> C:\Users\stavros\Documents\GitHub\VolumeVisualisation\Debug\Project1.exe
     1>Done Building Project "C:\Users\stavros\Documents\GitHub\VolumeVisualisation\Project1\Project1.vcxproj" (Build target(s)).

Build succeeded.

Time Elapsed 00:00:04.68
